{"/Users/hoangpham/Hoang/Learning/Project/todo-app/todo-backend/src/controller/task-controller.ts": {"path":"/Users/hoangpham/Hoang/Learning/Project/todo-app/todo-backend/src/controller/task-controller.ts","statementMap":{"0":{"start":{"line":5,"column":36},"end":{"line":19,"column":null}},"1":{"start":{"line":10,"column":2},"end":{"line":19,"column":null}},"2":{"start":{"line":11,"column":26},"end":{"line":11,"column":58}},"3":{"start":{"line":12,"column":19},"end":{"line":12,"column":57}},"4":{"start":{"line":14,"column":4},"end":{"line":17,"column":null}},"5":{"start":{"line":19,"column":4},"end":{"line":19,"column":null}}},"fnMap":{"0":{"name":"(anonymous_0)","decl":{"start":{"line":5,"column":36},"end":{"line":5,"column":null}},"loc":{"start":{"line":9,"column":5},"end":{"line":19,"column":null}},"line":9}},"branchMap":{},"s":{"0":1,"1":2,"2":2,"3":2,"4":1,"5":1},"f":{"0":2},"b":{},"meta":{"lastBranch":0,"lastFunction":1,"lastStatement":6,"seen":{"s:5:36:19:Infinity":0,"f:5:36:5:Infinity":0,"s:10:2:19:Infinity":1,"s:11:26:11:58":2,"s:12:19:12:57":3,"s:14:4:17:Infinity":4,"s:19:4:19:Infinity":5}}}
,"/Users/hoangpham/Hoang/Learning/Project/todo-app/todo-backend/src/middleware/error.ts": {"path":"/Users/hoangpham/Hoang/Learning/Project/todo-app/todo-backend/src/middleware/error.ts","statementMap":{"0":{"start":{"line":4,"column":13},"end":{"line":26,"column":null}},"1":{"start":{"line":9,"column":20},"end":{"line":9,"column":null}},"2":{"start":{"line":10,"column":16},"end":{"line":10,"column":null}},"3":{"start":{"line":12,"column":2},"end":{"line":20,"column":null}},"4":{"start":{"line":13,"column":4},"end":{"line":13,"column":null}},"5":{"start":{"line":14,"column":4},"end":{"line":20,"column":null}},"6":{"start":{"line":16,"column":38},"end":{"line":19,"column":null}},"7":{"start":{"line":23,"column":2},"end":{"line":26,"column":null}}},"fnMap":{"0":{"name":"(anonymous_0)","decl":{"start":{"line":4,"column":13},"end":{"line":4,"column":null}},"loc":{"start":{"line":8,"column":5},"end":{"line":26,"column":null}},"line":8},"1":{"name":"(anonymous_1)","decl":{"start":{"line":16,"column":26},"end":{"line":16,"column":31}},"loc":{"start":{"line":16,"column":38},"end":{"line":19,"column":null}},"line":16}},"branchMap":{"0":{"loc":{"start":{"line":9,"column":20},"end":{"line":9,"column":null}},"type":"binary-expr","locations":[{"start":{"line":9,"column":20},"end":{"line":9,"column":46}},{"start":{"line":9,"column":46},"end":{"line":9,"column":null}}],"line":9},"1":{"loc":{"start":{"line":10,"column":16},"end":{"line":10,"column":null}},"type":"binary-expr","locations":[{"start":{"line":10,"column":16},"end":{"line":10,"column":31}},{"start":{"line":10,"column":31},"end":{"line":10,"column":null}}],"line":10},"2":{"loc":{"start":{"line":12,"column":2},"end":{"line":20,"column":null}},"type":"if","locations":[{"start":{"line":12,"column":2},"end":{"line":20,"column":null}},{"start":{},"end":{}}],"line":12}},"s":{"0":1,"1":2,"2":2,"3":2,"4":1,"5":1,"6":1,"7":1},"f":{"0":2,"1":1},"b":{"0":[2,2],"1":[2,1],"2":[1,1]},"meta":{"lastBranch":3,"lastFunction":2,"lastStatement":8,"seen":{"s:4:13:26:Infinity":0,"f:4:13:4:Infinity":0,"s:9:20:9:Infinity":1,"b:9:20:9:46:9:46:9:Infinity":0,"s:10:16:10:Infinity":2,"b:10:16:10:31:10:31:10:Infinity":1,"b:12:2:20:Infinity:undefined:undefined:undefined:undefined":2,"s:12:2:20:Infinity":3,"s:13:4:13:Infinity":4,"s:14:4:20:Infinity":5,"f:16:26:16:31":1,"s:16:38:19:Infinity":6,"s:23:2:26:Infinity":7}}}
,"/Users/hoangpham/Hoang/Learning/Project/todo-app/todo-backend/src/schemas/task-schema.ts": {"path":"/Users/hoangpham/Hoang/Learning/Project/todo-app/todo-backend/src/schemas/task-schema.ts","statementMap":{"0":{"start":{"line":3,"column":32},"end":{"line":19,"column":2}},"1":{"start":{"line":11,"column":21},"end":{"line":11,"column":38}},"2":{"start":{"line":12,"column":8},"end":{"line":12,"column":null}},"3":{"start":{"line":18,"column":24},"end":{"line":18,"column":37}}},"fnMap":{"0":{"name":"(anonymous_0)","decl":{"start":{"line":9,"column":5},"end":{"line":9,"column":null}},"loc":{"start":{"line":10,"column":19},"end":{"line":14,"column":null}},"line":10},"1":{"name":"(anonymous_1)","decl":{"start":{"line":18,"column":5},"end":{"line":18,"column":16}},"loc":{"start":{"line":18,"column":24},"end":{"line":18,"column":37}},"line":18}},"branchMap":{},"s":{"0":2,"1":5,"2":5,"3":3},"f":{"0":5,"1":3},"b":{},"meta":{"lastBranch":0,"lastFunction":2,"lastStatement":4,"seen":{"s:3:32:19:2":0,"f:9:5:9:Infinity":0,"s:11:21:11:38":1,"s:12:8:12:Infinity":2,"f:18:5:18:16":1,"s:18:24:18:37":3}}}
,"/Users/hoangpham/Hoang/Learning/Project/todo-app/todo-backend/src/services/task-service.ts": {"path":"/Users/hoangpham/Hoang/Learning/Project/todo-app/todo-backend/src/services/task-service.ts","statementMap":{"0":{"start":{"line":4,"column":26},"end":{"line":18,"column":null}},"1":{"start":{"line":5,"column":15},"end":{"line":17,"column":4}},"2":{"start":{"line":18,"column":2},"end":{"line":18,"column":null}}},"fnMap":{"0":{"name":"(anonymous_0)","decl":{"start":{"line":4,"column":26},"end":{"line":4,"column":33}},"loc":{"start":{"line":4,"column":59},"end":{"line":18,"column":null}},"line":4}},"branchMap":{"0":{"loc":{"start":{"line":8,"column":19},"end":{"line":8,"column":null}},"type":"binary-expr","locations":[{"start":{"line":8,"column":19},"end":{"line":8,"column":39}},{"start":{"line":8,"column":39},"end":{"line":8,"column":null}}],"line":8}},"s":{"0":1,"1":1,"2":1},"f":{"0":1},"b":{"0":[1,1]},"meta":{"lastBranch":1,"lastFunction":1,"lastStatement":3,"seen":{"s:4:26:18:Infinity":0,"f:4:26:4:33":0,"s:5:15:17:4":1,"b:8:19:8:39:8:39:8:Infinity":0,"s:18:2:18:Infinity":2}}}
}
